<?xml version="1.0" encoding="UTF-8"?>
<coverage generated="1663197383911" clover="3.2.0">
  <project timestamp="1663197383911" name="All files">
    <metrics statements="28" coveredstatements="28" conditionals="6" coveredconditionals="5" methods="17" coveredmethods="16" elements="51" coveredelements="49" complexity="0" loc="28" ncloc="28" packages="1" files="3" classes="3"/>
    <file name="parser.ts" path="/Users/carlospinedo/Projects/dali-icons/scripts/react/parser.ts">
      <metrics statements="12" coveredstatements="12" conditionals="0" coveredconditionals="0" methods="5" coveredmethods="5"/>
      <line num="1" count="1" type="stmt"/>
      <line num="4" count="1" type="stmt"/>
      <line num="6" count="1" type="stmt"/>
      <line num="7" count="2" type="stmt"/>
      <line num="10" count="1" type="stmt"/>
      <line num="11" count="7" type="stmt"/>
      <line num="12" count="4" type="stmt"/>
      <line num="25" count="2" type="stmt"/>
      <line num="31" count="1" type="stmt"/>
      <line num="32" count="3" type="stmt"/>
      <line num="33" count="3" type="stmt"/>
      <line num="34" count="3" type="stmt"/>
    </file>
    <file name="templates.ts" path="/Users/carlospinedo/Projects/dali-icons/scripts/react/templates.ts">
      <metrics statements="12" coveredstatements="12" conditionals="2" coveredconditionals="1" methods="9" coveredmethods="8"/>
      <line num="3" count="1" type="stmt"/>
      <line num="5" count="1" type="cond" truecount="1" falsecount="0"/>
      <line num="6" count="1" type="stmt"/>
      <line num="8" count="1" type="cond" truecount="0" falsecount="1"/>
      <line num="9" count="1" type="stmt"/>
      <line num="11" count="1" type="stmt"/>
      <line num="13" count="1" type="stmt"/>
      <line num="15" count="1" type="stmt"/>
      <line num="17" count="1" type="stmt"/>
      <line num="19" count="1" type="stmt"/>
      <line num="22" count="1" type="stmt"/>
      <line num="25" count="1" type="stmt"/>
    </file>
    <file name="traversal.ts" path="/Users/carlospinedo/Projects/dali-icons/scripts/react/traversal.ts">
      <metrics statements="4" coveredstatements="4" conditionals="4" coveredconditionals="4" methods="3" coveredmethods="3"/>
      <line num="3" count="1" type="stmt"/>
      <line num="4" count="8" type="cond" truecount="2" falsecount="0"/>
      <line num="8" count="4" type="stmt"/>
      <line num="9" count="4" type="stmt"/>
    </file>
  </project>
</coverage>
