{"/Users/carlospinedo/Projects/dali-icons/scripts/react/parser.ts": {"path":"/Users/carlospinedo/Projects/dali-icons/scripts/react/parser.ts","statementMap":{"0":{"start":{"line":1,"column":0},"end":{"line":1,"column":35}},"1":{"start":{"line":4,"column":20},"end":{"line":4,"column":29}},"2":{"start":{"line":6,"column":19},"end":{"line":7,"column":49}},"3":{"start":{"line":7,"column":2},"end":{"line":7,"column":49}},"4":{"start":{"line":10,"column":2},"end":{"line":29,"column":3}},"5":{"start":{"line":11,"column":2},"end":{"line":29,"column":3}},"6":{"start":{"line":12,"column":4},"end":{"line":28,"column":6}},"7":{"start":{"line":25,"column":41},"end":{"line":25,"column":49}},"8":{"start":{"line":32,"column":12},"end":{"line":32,"column":29}},"9":{"start":{"line":33,"column":15},"end":{"line":33,"column":23}},"10":{"start":{"line":34,"column":2},"end":{"line":34,"column":31}},"11":{"start":{"line":31,"column":0},"end":{"line":31,"column":7}}},"fnMap":{"0":{"name":"(anonymous_6)","decl":{"start":{"line":6,"column":19},"end":{"line":6,"column":20}},"loc":{"start":{"line":7,"column":2},"end":{"line":7,"column":49}}},"1":{"name":"(anonymous_7)","decl":{"start":{"line":10,"column":2},"end":{"line":10,"column":3}},"loc":{"start":{"line":11,"column":2},"end":{"line":29,"column":3}}},"2":{"name":"(anonymous_8)","decl":{"start":{"line":11,"column":2},"end":{"line":11,"column":3}},"loc":{"start":{"line":11,"column":47},"end":{"line":29,"column":3}}},"3":{"name":"(anonymous_9)","decl":{"start":{"line":25,"column":13},"end":{"line":25,"column":14}},"loc":{"start":{"line":25,"column":41},"end":{"line":25,"column":49}}},"4":{"name":"parse","decl":{"start":{"line":31,"column":22},"end":{"line":31,"column":27}},"loc":{"start":{"line":31,"column":39},"end":{"line":35,"column":1}}}},"branchMap":{},"s":{"0":1,"1":1,"2":1,"3":2,"4":1,"5":7,"6":4,"7":2,"8":3,"9":3,"10":3,"11":1},"f":{"0":2,"1":7,"2":4,"3":2,"4":3},"b":{}}
,"/Users/carlospinedo/Projects/dali-icons/scripts/react/templates.ts": {"path":"/Users/carlospinedo/Projects/dali-icons/scripts/react/templates.ts","statementMap":{"0":{"start":{"line":3,"column":16},"end":{"line":3,"column":48}},"1":{"start":{"line":5,"column":26},"end":{"line":6,"column":75}},"2":{"start":{"line":6,"column":2},"end":{"line":6,"column":75}},"3":{"start":{"line":5,"column":13},"end":{"line":5,"column":26}},"4":{"start":{"line":8,"column":26},"end":{"line":9,"column":77}},"5":{"start":{"line":9,"column":2},"end":{"line":9,"column":77}},"6":{"start":{"line":8,"column":13},"end":{"line":8,"column":26}},"7":{"start":{"line":11,"column":30},"end":{"line":13,"column":47}},"8":{"start":{"line":11,"column":49},"end":{"line":13,"column":47}},"9":{"start":{"line":13,"column":22},"end":{"line":13,"column":33}},"10":{"start":{"line":11,"column":13},"end":{"line":11,"column":30}},"11":{"start":{"line":15,"column":30},"end":{"line":17,"column":47}},"12":{"start":{"line":15,"column":49},"end":{"line":17,"column":47}},"13":{"start":{"line":17,"column":22},"end":{"line":17,"column":33}},"14":{"start":{"line":15,"column":13},"end":{"line":15,"column":30}},"15":{"start":{"line":19,"column":31},"end":{"line":23,"column":15}},"16":{"start":{"line":19,"column":50},"end":{"line":23,"column":15}},"17":{"start":{"line":22,"column":17},"end":{"line":22,"column":64}},"18":{"start":{"line":19,"column":13},"end":{"line":19,"column":31}},"19":{"start":{"line":25,"column":27},"end":{"line":28,"column":3}},"20":{"start":{"line":25,"column":33},"end":{"line":28,"column":3}},"21":{"start":{"line":25,"column":13},"end":{"line":25,"column":27}}},"fnMap":{"0":{"name":"(anonymous_0)","decl":{"start":{"line":5,"column":26},"end":{"line":5,"column":27}},"loc":{"start":{"line":6,"column":2},"end":{"line":6,"column":75}}},"1":{"name":"(anonymous_1)","decl":{"start":{"line":8,"column":26},"end":{"line":8,"column":27}},"loc":{"start":{"line":9,"column":2},"end":{"line":9,"column":77}}},"2":{"name":"(anonymous_2)","decl":{"start":{"line":11,"column":30},"end":{"line":11,"column":31}},"loc":{"start":{"line":11,"column":49},"end":{"line":13,"column":47}}},"3":{"name":"(anonymous_3)","decl":{"start":{"line":13,"column":12},"end":{"line":13,"column":13}},"loc":{"start":{"line":13,"column":22},"end":{"line":13,"column":33}}},"4":{"name":"(anonymous_4)","decl":{"start":{"line":15,"column":30},"end":{"line":15,"column":31}},"loc":{"start":{"line":15,"column":49},"end":{"line":17,"column":47}}},"5":{"name":"(anonymous_5)","decl":{"start":{"line":17,"column":12},"end":{"line":17,"column":13}},"loc":{"start":{"line":17,"column":22},"end":{"line":17,"column":33}}},"6":{"name":"(anonymous_6)","decl":{"start":{"line":19,"column":31},"end":{"line":19,"column":32}},"loc":{"start":{"line":19,"column":50},"end":{"line":23,"column":15}}},"7":{"name":"(anonymous_7)","decl":{"start":{"line":22,"column":7},"end":{"line":22,"column":8}},"loc":{"start":{"line":22,"column":17},"end":{"line":22,"column":64}}},"8":{"name":"(anonymous_8)","decl":{"start":{"line":25,"column":27},"end":{"line":25,"column":30}},"loc":{"start":{"line":25,"column":33},"end":{"line":28,"column":3}}}},"branchMap":{"0":{"loc":{"start":{"line":5,"column":58},"end":{"line":5,"column":67}},"type":"default-arg","locations":[{"start":{"line":5,"column":65},"end":{"line":5,"column":67}}]},"1":{"loc":{"start":{"line":8,"column":58},"end":{"line":8,"column":67}},"type":"default-arg","locations":[{"start":{"line":8,"column":65},"end":{"line":8,"column":67}}]}},"s":{"0":1,"1":1,"2":1,"3":1,"4":1,"5":1,"6":1,"7":1,"8":1,"9":1,"10":1,"11":1,"12":1,"13":1,"14":1,"15":1,"16":1,"17":1,"18":1,"19":1,"20":0,"21":1},"f":{"0":1,"1":1,"2":1,"3":1,"4":1,"5":1,"6":1,"7":1,"8":0},"b":{"0":[1],"1":[0]}}
,"/Users/carlospinedo/Projects/dali-icons/scripts/react/traversal.ts": {"path":"/Users/carlospinedo/Projects/dali-icons/scripts/react/traversal.ts","statementMap":{"0":{"start":{"line":3,"column":28},"end":{"line":11,"column":8}},"1":{"start":{"line":4,"column":2},"end":{"line":11,"column":8}},"2":{"start":{"line":8,"column":24},"end":{"line":8,"column":48}},"3":{"start":{"line":9,"column":23},"end":{"line":9,"column":38}},"4":{"start":{"line":3,"column":13},"end":{"line":3,"column":28}}},"fnMap":{"0":{"name":"(anonymous_0)","decl":{"start":{"line":3,"column":28},"end":{"line":3,"column":29}},"loc":{"start":{"line":4,"column":2},"end":{"line":11,"column":8}}},"1":{"name":"(anonymous_1)","decl":{"start":{"line":8,"column":13},"end":{"line":8,"column":14}},"loc":{"start":{"line":8,"column":24},"end":{"line":8,"column":48}}},"2":{"name":"(anonymous_2)","decl":{"start":{"line":9,"column":16},"end":{"line":9,"column":17}},"loc":{"start":{"line":9,"column":23},"end":{"line":9,"column":38}}}},"branchMap":{"0":{"loc":{"start":{"line":4,"column":2},"end":{"line":11,"column":8}},"type":"cond-expr","locations":[{"start":{"line":5,"column":6},"end":{"line":5,"column":15}},{"start":{"line":6,"column":6},"end":{"line":11,"column":8}}]},"1":{"loc":{"start":{"line":6,"column":6},"end":{"line":11,"column":8}},"type":"cond-expr","locations":[{"start":{"line":7,"column":6},"end":{"line":10,"column":18}},{"start":{"line":11,"column":6},"end":{"line":11,"column":8}}]}},"s":{"0":1,"1":8,"2":4,"3":4,"4":1},"f":{"0":8,"1":4,"2":4},"b":{"0":[2,6],"1":[2,4]}}
}
