TN:
SF:scripts/react/parser.ts
FN:6,(anonymous_6)
FN:10,(anonymous_7)
FN:11,(anonymous_8)
FN:25,(anonymous_9)
FN:31,parse
FNF:5
FNH:5
FNDA:2,(anonymous_6)
FNDA:7,(anonymous_7)
FNDA:4,(anonymous_8)
FNDA:2,(anonymous_9)
FNDA:3,parse
DA:1,1
DA:4,1
DA:6,1
DA:7,2
DA:10,1
DA:11,7
DA:12,4
DA:25,2
DA:31,1
DA:32,3
DA:33,3
DA:34,3
LF:12
LH:12
BRF:0
BRH:0
end_of_record
TN:
SF:scripts/react/templates.ts
FN:5,(anonymous_0)
FN:8,(anonymous_1)
FN:11,(anonymous_2)
FN:13,(anonymous_3)
FN:15,(anonymous_4)
FN:17,(anonymous_5)
FN:19,(anonymous_6)
FN:22,(anonymous_7)
FN:25,(anonymous_8)
FNF:9
FNH:8
FNDA:1,(anonymous_0)
FNDA:1,(anonymous_1)
FNDA:1,(anonymous_2)
FNDA:1,(anonymous_3)
FNDA:1,(anonymous_4)
FNDA:1,(anonymous_5)
FNDA:1,(anonymous_6)
FNDA:1,(anonymous_7)
FNDA:0,(anonymous_8)
DA:3,1
DA:5,1
DA:6,1
DA:8,1
DA:9,1
DA:11,1
DA:13,1
DA:15,1
DA:17,1
DA:19,1
DA:22,1
DA:25,1
LF:12
LH:12
BRDA:5,0,0,1
BRDA:8,1,0,0
BRF:2
BRH:1
end_of_record
TN:
SF:scripts/react/traversal.ts
FN:3,(anonymous_0)
FN:8,(anonymous_1)
FN:9,(anonymous_2)
FNF:3
FNH:3
FNDA:8,(anonymous_0)
FNDA:4,(anonymous_1)
FNDA:4,(anonymous_2)
DA:3,1
DA:4,8
DA:8,4
DA:9,4
LF:4
LH:4
BRDA:4,0,0,2
BRDA:4,0,1,6
BRDA:6,1,0,2
BRDA:6,1,1,4
BRF:4
BRH:4
end_of_record
